<?xml version="1.0" encoding="UTF-8"?>
<!-- Generated by org.testng.reporters.JUnitXMLReporter -->
<testsuite hostname="admins-MacBook-Air.local" ignored="0" name="Test" tests="5" failures="0" timestamp="29 Mar 2020 22:16:00 GMT" time="0.054" errors="0">
  <testcase name="test2" time="0.006" classname="Mavenjava.MavenTesting.AppTest"/>
  <testcase name="ApiTest" time="0.0" classname="Mavenjava.MavenTesting.RestassuredTest"/>
  <testcase name="test" time="0.003" classname="Mavenjava.MavenTesting.AppiumTest"/>
  <testcase name="test6" time="0.001" classname="Mavenjava.MavenTesting.AppiumTest"/>
  <testcase name="test4" time="0.001" classname="Mavenjava.MavenTesting.SeleniumTest"/>
</testsuite> <!-- Test -->
