<?xml version="1.0" encoding="UTF-8"?>
<testsuite xmlns:xsi="http://www.w3.org/2001/XMLSchema-instance" xsi:noNamespaceSchemaLocation="https://maven.apache.org/surefire/maven-surefire-plugin/xsd/surefire-test-report-3.0.xsd" version="3.0" name="TestSuite" time="1.116" tests="5" errors="0" skipped="0" failures="0">
  <properties>
[...]
</properties>
  <testcase name="test2" classname="Mavenjava.MavenTesting.AppTest" time="0.006"/>
  <testcase name="ApiTest" classname="Mavenjava.MavenTesting.RestassuredTest" time="0.001"/>
  <testcase name="test" classname="Mavenjava.MavenTesting.AppiumTest" time="0.002"/>
  <testcase name="test6" classname="Mavenjava.MavenTesting.AppiumTest" time="0.001"/>
  <testcase name="test4" classname="Mavenjava.MavenTesting.SeleniumTest" time="0"/>
</testsuite>