<?xml version="1.0" encoding="UTF-8"?>
<testng-results skipped="0" failed="0" ignored="0" total="1" passed="1">
  <reporter-output>
  </reporter-output>
  <suite name="Default suite" duration-ms="51" started-at="2020-03-14T21:17:40Z" finished-at="2020-03-14T21:17:40Z">
    <groups>
    </groups>
    <test name="Default test" duration-ms="51" started-at="2020-03-14T21:17:40Z" finished-at="2020-03-14T21:17:40Z">
      <class name="Mavenjava.MavenTesting.Api">
        <test-method status="PASS" signature="ApiTest()[pri:0, instance:Mavenjava.MavenTesting.Api@31a5c39e]" name="ApiTest" duration-ms="14" started-at="2020-03-14T21:17:40Z" finished-at="2020-03-14T21:17:40Z">
          <reporter-output>
          </reporter-output>
        </test-method> <!-- ApiTest -->
      </class> <!-- Mavenjava.MavenTesting.Api -->
    </test> <!-- Default test -->
  </suite> <!-- Default suite -->
</testng-results>
